<?xml version="1.0" encoding="UTF-8"?>
<!-- Generated by org.testng.reporters.JUnitReportReporter -->
<testsuite hostname="Shokhrukh" failures="0" tests="1" name="actions.DemoActions" time="3.063" errors="0" timestamp="2023-06-21T20:14:24 EDT" skipped="0">
  <testcase classname="actions.DemoActions" name="alertExample" time="3.063"/>
  <system-out/>
</testsuite> <!-- actions.DemoActions -->
