<?xml version="1.0" encoding="UTF-8"?>
<!-- Generated by org.testng.reporters.JUnitReportReporter -->
<testsuite hostname="Shokhrukh" failures="0" tests="1" name="css_selector.cssDemo" time="2.089" errors="0" timestamp="2023-06-04T19:12:45 EDT" skipped="0">
  <testcase classname="css_selector.cssDemo" name="Test1" time="2.089"/>
  <system-out/>
</testsuite> <!-- css_selector.cssDemo -->
