<?xml version="1.0" encoding="UTF-8"?>
<!-- Generated by org.testng.reporters.JUnitReportReporter -->
<testsuite hostname="Shokhrukh" failures="0" tests="1" name="lesson23.HandleWindows" time="3.900" errors="0" timestamp="2023-06-18T19:03:05 EDT" skipped="0">
  <testcase classname="lesson23.HandleWindows" name="testWindows" time="3.900"/>
  <system-out/>
</testsuite> <!-- lesson23.HandleWindows -->
