<?xml version="1.0" encoding="UTF-8"?>
<!-- Generated by org.testng.reporters.JUnitReportReporter -->
<testsuite hostname="Shokhrukh" failures="0" tests="1" name="lesson22.CheapOairTest" time="7.908" errors="0" timestamp="2023-06-07T21:24:48 EDT" skipped="0">
  <testcase classname="lesson22.CheapOairTest" name="testFlightOrder" time="7.908"/>
  <system-out/>
</testsuite> <!-- lesson22.CheapOairTest -->
