<?xml version="1.0" encoding="UTF-8"?>
<!-- Generated by org.testng.reporters.JUnitReportReporter -->
<testsuite hostname="Shokhrukh" failures="0" tests="5" name="demo_testng.OnlineMarket" time="0.004" errors="0" timestamp="2023-06-04T19:12:45 EDT" skipped="0">
  <testcase classname="demo_testng.OnlineMarket" name="testB5" time="0.000"/>
  <system-out/>
  <testcase classname="demo_testng.OnlineMarket" name="testB2" time="0.002"/>
  <system-out/>
  <testcase classname="demo_testng.OnlineMarket" name="testB3" time="0.000"/>
  <system-out/>
  <testcase classname="demo_testng.OnlineMarket" name="testB4" time="0.001"/>
  <system-out/>
  <testcase classname="demo_testng.OnlineMarket" name="testB1" time="0.001"/>
  <system-out/>
</testsuite> <!-- demo_testng.OnlineMarket -->
