<?xml version="1.0" encoding="UTF-8"?>
<!-- Generated by org.testng.reporters.JUnitReportReporter -->
<testsuite hostname="Shokhrukh" failures="0" tests="1" name="lesson23.HandleFrames" time="4.438" errors="0" timestamp="2023-06-18T17:56:43 EDT" skipped="0">
  <testcase classname="lesson23.HandleFrames" name="frameTest" time="4.438"/>
  <system-out/>
</testsuite> <!-- lesson23.HandleFrames -->
